[Host Migration] Attempting migration for room code: P2KVE
[Host Migration] Current host socket ID: R1Kd99VZHLsGmCCGAAAB
[Host Migration] Active players count: 1
[Host Migration] Promoting player Mohamed khamis (Socket ID: efuUBeLwkkkucNHyAAAD) to Host.
[Host Migration] Migration successful. New host: Mohamed khamis
[Host Migration] Attempting migration for room code: P2KVE
[Host Migration] Current host socket ID: efuUBeLwkkkucNHyAAAD
[Host Migration] Active players count: 0
[Host Migration] No active players to migrate to. Room will be closed.
[Host Migration] Attempting migration for room code: PLKZA
[Host Migration] Current host socket ID: krdcg8VMi2frercPAAAP
[Host Migration] Active players count: 1
[Host Migration] Promoting player Mohamed khamis (Socket ID: ptJZR-jRgtE86vB3AAAR) to Host.
[Host Migration] Migration successful. New host: Mohamed khamis
[Host Migration] Attempting migration for room code: N3Y16
[Host Migration] Current host socket ID: _NvwPGnmqTiYhSKAAAAF
[Host Migration] Active players count: 0
[Host Migration] No active players to migrate to. Room will be closed.
[Host Migration] Attempting migration for room code: ZXORL
[Host Migration] Current host socket ID: AxXIX3kUQ2H5MdvFAAAL
[Host Migration] Active players count: 0
[Host Migration] No active players to migrate to. Room will be closed.
[Host Migration] Attempting migration for room code: C9HSD
[Host Migration] Current host socket ID: aXz72lbnPEJxRbSMAAAV
[Host Migration] Active players count: 1
[Host Migration] Promoting player Mohamed khamis (Socket ID: ptJZR-jRgtE86vB3AAAR) to Host.
[Host Migration] Migration successful. New host: Mohamed khamis
[Host Migration] Attempting migration for room code: 15O9B
[Host Migration] Current host socket ID: kYUNWX47GTbAk2M_AAAF
[Host Migration] Active players count: 1
[Host Migration] Promoting player Mohamed khamis (Socket ID: MH5ljoAG3kplVwLaAAAH) to Host.
[Host Migration] Migration successful. New host: Mohamed khamis
[Host Migration] Attempting migration for room code: 15O9B
[Host Migration] Current host socket ID: MH5ljoAG3kplVwLaAAAH
[Host Migration] Active players count: 1
[Host Migration] Promoting player Ahmed Khamis (Socket ID: ErqfsfR7-WD2eTI-AAAJ) to Host.
[Host Migration] Migration successful. New host: Ahmed Khamis
[Host Migration] Attempting migration for room code: 15O9B
[Host Migration] Current host socket ID: ErqfsfR7-WD2eTI-AAAJ
[Host Migration] Active players count: 0
[Host Migration] No active players to migrate to. Room will be closed.
[Host Migration] Attempting migration for room code: OBE5D
[Host Migration] Current host socket ID: RpMGWIZXEM-t5PB-AAAN
[Host Migration] Active players count: 2
[Host Migration] Promoting player Mohamed khamis (Socket ID: xdBYUZqwMkPhE-XGAAAL) to Host.
[Host Migration] Migration successful. New host: Mohamed khamis
[Host Migration] Attempting migration for room code: CWGD4
[Host Migration] Current host socket ID: OXrkif5omGvJ3kkUAAAB
[Host Migration] Active players count: 0
[Host Migration] No active players to migrate to. Room will be closed.
[Host Migration] Attempting migration for room code: UU0IA
[Host Migration] Current host socket ID: QuKXFys6fap4Emt5AAAD
[Host Migration] Active players count: 0
[Host Migration] No active players to migrate to. Room will be closed.
[Host Migration] Attempting migration for room code: 0BFHY
[Host Migration] Current host socket ID: qcAuxSgySGABCzmoAAAB
[Host Migration] Active players count: 1
[Host Migration] Promoting player Mohamed khamis (Socket ID: pho89B4AlRAzv3RgAAAF) to Host.
[Host Migration] Migration successful. New host: Mohamed khamis
[Host Migration] Attempting migration for room code: G5JYZ
[Host Migration] Current host socket ID: QjvqNuT3ppKmgZ33AAAD
[Host Migration] Active players count: 1
[Host Migration] Promoting player Mohamed khamis (Socket ID: P56Lw_tGChlUsAc4AAAF) to Host.
[Host Migration] Migration successful. New host: Mohamed khamis
[Host Migration] Attempting migration for room code: G5JYZ
[Host Migration] Current host socket ID: P56Lw_tGChlUsAc4AAAF
[Host Migration] Active players count: 0
[Host Migration] No active players to migrate to. Room will be closed.
[Host Migration] Attempting migration for room code: 04RAQ
[Host Migration] Current host socket ID: UbelX4z236hjMKHEAAAH
[Host Migration] Active players count: 0
[Host Migration] No active players to migrate to. Room will be closed.
[Host Migration] Attempting migration for room code: KAFRC
[Host Migration] Current host socket ID: LA6gNCGOdXoCVryHAAAL
[Host Migration] Active players count: 0
[Host Migration] No active players to migrate to. Room will be closed.
[Host Migration] Attempting migration for room code: 3HQ8A
[Host Migration] Current host socket ID: AFeH6omFd3Xfby2OAAAP
[Host Migration] Active players count: 0
[Host Migration] No active players to migrate to. Room will be closed.
[Question Pool] All questions used. Resetting question pool for room: C6QAY
[Host Migration] Attempting migration for room code: C6QAY
[Host Migration] Current host socket ID: gcIkhWV-sjEbg48BAAAB
[Host Migration] Active players count: 0
[Host Migration] No active players to migrate to. Room will be closed.
[Host Migration] Attempting migration for room code: 6PNJ4
[Host Migration] Current host socket ID: _PUidC5s4wZwz-53AAAD
[Host Migration] Active players count: 0
[Host Migration] No active players to migrate to. Room will be closed.
[Host Migration] Attempting migration for room code: ERHJV
[Host Migration] Current host socket ID: 3vm3UBqljw_QdzrmAAAB
[Host Migration] Active players count: 0
[Host Migration] No active players to migrate to. Room will be closed.
[Host Migration] Attempting migration for room code: 96F62
[Host Migration] Current host socket ID: Mgqcsbv2itrA6UGyAAAD
[Host Migration] Active players count: 0
[Host Migration] No active players to migrate to. Room will be closed.
[Host Migration] Attempting migration for room code: ZHNVM
[Host Migration] Current host socket ID: TxVzFhULXcjlBmuLAAAD
[Host Migration] Active players count: 0
[Host Migration] No active players to migrate to. Room will be closed.
[Host Migration] Attempting migration for room code: 3418W
[Host Migration] Current host socket ID: CfItebBUaHquhLOjAAAF
[Host Migration] Active players count: 1
[Host Migration] Promoting player Ahmed Khamis (Socket ID: QsgmIm6KwSRGFaLeAAAH) to Host.
[Host Migration] Migration successful. New host: Ahmed Khamis
[Host Migration] Attempting migration for room code: Z735D
[Host Migration] Current host socket ID: ino2z9pD1loj6rcbAAAD
[Host Migration] Active players count: 0
[Host Migration] No active players to migrate to. Room will be closed.
[Host Migration] Attempting migration for room code: 8ZID9
[Host Migration] Current host socket ID: ino2z9pD1loj6rcbAAAD
[Host Migration] Active players count: 0
[Host Migration] No active players to migrate to. Room will be closed.
[Host Migration] Attempting migration for room code: 13J2P
[Host Migration] Current host socket ID: d3y0hixyHfC_8jC6AAAB
[Host Migration] Active players count: 0
[Host Migration] No active players to migrate to. Room will be closed.
[Host Migration] Attempting migration for room code: K3MTO
[Host Migration] Current host socket ID: eYeGXSRuAUzK3dhSAAAB
[Host Migration] Active players count: 0
[Host Migration] No active players to migrate to. Room will be closed.
[Host Migration] Attempting migration for room code: XIYQ4
[Host Migration] Current host socket ID: OC-hp8mVPaPX6u3YAAAB
[Host Migration] Active players count: 0
[Host Migration] No active players to migrate to. Room will be closed.
[Host Migration] Attempting migration for room code: N4P0Q
[Host Migration] Current host socket ID: OC-hp8mVPaPX6u3YAAAB
[Host Migration] Active players count: 0
[Host Migration] No active players to migrate to. Room will be closed.
[Host Migration] Attempting migration for room code: 38LI3
[Host Migration] Current host socket ID: OC-hp8mVPaPX6u3YAAAB
[Host Migration] Active players count: 0
[Host Migration] No active players to migrate to. Room will be closed.
[Host Migration] Attempting migration for room code: HCYRH
[Host Migration] Current host socket ID: OC-hp8mVPaPX6u3YAAAB
[Host Migration] Active players count: 0
[Host Migration] No active players to migrate to. Room will be closed.
[Host Migration] Attempting migration for room code: 4ZZ6C
[Host Migration] Current host socket ID: OC-hp8mVPaPX6u3YAAAB
[Host Migration] Active players count: 0
[Host Migration] No active players to migrate to. Room will be closed.
[Host Migration] Attempting migration for room code: Q52CC
[Host Migration] Current host socket ID: OC-hp8mVPaPX6u3YAAAB
[Host Migration] Active players count: 0
[Host Migration] No active players to migrate to. Room will be closed.
[Host Migration] Attempting migration for room code: A7U41
[Host Migration] Current host socket ID: OC-hp8mVPaPX6u3YAAAB
[Host Migration] Active players count: 0
[Host Migration] No active players to migrate to. Room will be closed.
[Host Migration] Attempting migration for room code: AJP7R
[Host Migration] Current host socket ID: OC-hp8mVPaPX6u3YAAAB
[Host Migration] Active players count: 0
[Host Migration] No active players to migrate to. Room will be closed.
[Host Migration] Attempting migration for room code: 5K7LO
[Host Migration] Current host socket ID: OC-hp8mVPaPX6u3YAAAB
[Host Migration] Active players count: 0
[Host Migration] No active players to migrate to. Room will be closed.
[Host Migration] Attempting migration for room code: WEY3O
[Host Migration] Current host socket ID: OC-hp8mVPaPX6u3YAAAB
[Host Migration] Active players count: 0
[Host Migration] No active players to migrate to. Room will be closed.
[Host Migration] Attempting migration for room code: VOYFJ
[Host Migration] Current host socket ID: eOLWKOopnwf2_dMVAAAF
[Host Migration] Active players count: 1
[Host Migration] Promoting player Ahmed Khamis (Socket ID: eOLWKOopnwf2_dMVAAAF) to Host.
[Host Migration] Migration successful. New host: Ahmed Khamis
[Host Migration] Attempting migration for room code: VOYFJ
[Host Migration] Current host socket ID: eOLWKOopnwf2_dMVAAAF
[Host Migration] Active players count: 0
[Host Migration] No active players to migrate to. Room will be closed.
[Host Migration] Attempting migration for room code: 6ZR9L
[Host Migration] Current host socket ID: KYLQuf630eqVTj6JAAAH
[Host Migration] Active players count: 1
[Host Migration] Promoting player Ahmed Khamis (Socket ID: KYLQuf630eqVTj6JAAAH) to Host.
[Host Migration] Migration successful. New host: Ahmed Khamis
[Host Migration] Attempting migration for room code: 6ZR9L
[Host Migration] Current host socket ID: KYLQuf630eqVTj6JAAAH
[Host Migration] Active players count: 0
[Host Migration] No active players to migrate to. Room will be closed.
[Host Migration] Attempting migration for room code: KL8DJ
[Host Migration] Current host socket ID: GatqNmoq2zMv1H2hAAAJ
[Host Migration] Active players count: 1
[Host Migration] Promoting player Ahmed Khamis (Socket ID: GatqNmoq2zMv1H2hAAAJ) to Host.
[Host Migration] Migration successful. New host: Ahmed Khamis
[Host Migration] Attempting migration for room code: KL8DJ
[Host Migration] Current host socket ID: GatqNmoq2zMv1H2hAAAJ
[Host Migration] Active players count: 0
[Host Migration] No active players to migrate to. Room will be closed.
[Host Migration] Attempting migration for room code: H25AO
[Host Migration] Current host socket ID: 9r6xXQWGXXuzaGiSAAAL
[Host Migration] Active players count: 1
[Host Migration] Promoting player Ahmed Khamis (Socket ID: 9r6xXQWGXXuzaGiSAAAL) to Host.
[Host Migration] Migration successful. New host: Ahmed Khamis
[Host Migration] Attempting migration for room code: RW8NH
[Host Migration] Current host socket ID: Vs73ZhI5zG7zTo4aAAAB
[Host Migration] Active players count: 1
[Host Migration] Promoting player Ahmed Khamis (Socket ID: Vs73ZhI5zG7zTo4aAAAB) to Host.
[Host Migration] Migration successful. New host: Ahmed Khamis
[Host Migration] Attempting migration for room code: RW8NH
[Host Migration] Current host socket ID: Vs73ZhI5zG7zTo4aAAAB
[Host Migration] Active players count: 0
[Host Migration] No active players to migrate to. Room will be closed.
[Host Migration] Attempting migration for room code: H5H3Z
[Host Migration] Current host socket ID: RwV-eXkvZxLYvIaBAAAF
[Host Migration] Active players count: 1
[Host Migration] Promoting player Ahmed Khamis (Socket ID: RwV-eXkvZxLYvIaBAAAF) to Host.
[Host Migration] Migration successful. New host: Ahmed Khamis
[Host Migration] Attempting migration for room code: H5H3Z
[Host Migration] Current host socket ID: RwV-eXkvZxLYvIaBAAAF
[Host Migration] Active players count: 0
[Host Migration] No active players to migrate to. Room will be closed.
[Host Migration] Attempting migration for room code: 8DFNL
[Host Migration] Current host socket ID: qcT2X2wXimwAOnt3AAAH
[Host Migration] Active players count: 1
[Host Migration] Promoting player Ahmed Khamis (Socket ID: qcT2X2wXimwAOnt3AAAH) to Host.
[Host Migration] Migration successful. New host: Ahmed Khamis
[Host Migration] Attempting migration for room code: 8DFNL
[Host Migration] Current host socket ID: qcT2X2wXimwAOnt3AAAH
[Host Migration] Active players count: 0
[Host Migration] No active players to migrate to. Room will be closed.
[Host Migration] Attempting migration for room code: ALL3E
[Host Migration] Current host socket ID: brSbmuAsDSZw3TF5AAAD
[Host Migration] Active players count: 1
[Host Migration] Promoting player Ahmed Khamis (Socket ID: brSbmuAsDSZw3TF5AAAD) to Host.
[Host Migration] Migration successful. New host: Ahmed Khamis
[Question Pool] All questions used. Resetting question pool for room: 8CS7Z
[Question Pool] All questions used. Resetting question pool for room: 44KHG
[Question Pool] All questions used. Resetting question pool for room: 44KHG
[Question Pool] All questions used. Resetting question pool for room: 44KHG
[Question Pool] All questions used. Resetting question pool for room: 44KHG
[Question Pool] All questions used. Resetting question pool for room: 44KHG
[Question Pool] All questions used. Resetting question pool for room: 44KHG
[Question Pool] All questions used. Resetting question pool for room: 44KHG
[Question Pool] All questions used. Resetting question pool for room: 44KHG
[Question Pool] All questions used. Resetting question pool for room: 44KHG
[Question Pool] All questions used. Resetting question pool for room: 44KHG
[Question Pool] All questions used. Resetting question pool for room: 44KHG
[Question Pool] All questions used. Resetting question pool for room: 44KHG
[Question Pool] All questions used. Resetting question pool for room: 44KHG
[Question Pool] All questions used. Resetting question pool for room: 44KHG
[Question Pool] All questions used. Resetting question pool for room: 44KHG
[Question Pool] All questions used. Resetting question pool for room: 44KHG
[Question Pool] All questions used. Resetting question pool for room: 44KHG
[Question Pool] All questions used. Resetting question pool for room: 44KHG
[Question Pool] All questions used. Resetting question pool for room: 44KHG
[Question Pool] All questions used. Resetting question pool for room: 44KHG
[Question Pool] All questions used. Resetting question pool for room: 44KHG
[Question Pool] All questions used. Resetting question pool for room: 44KHG
[Question Pool] All questions used. Resetting question pool for room: 44KHG
[Question Pool] All questions used. Resetting question pool for room: 44KHG
[Question Pool] All questions used. Resetting question pool for room: 44KHG
[Question Pool] All questions used. Resetting question pool for room: 44KHG
[Question Pool] All questions used. Resetting question pool for room: 44KHG
[Question Pool] All questions used. Resetting question pool for room: 44KHG
[Question Pool] All questions used. Resetting question pool for room: 44KHG
[Question Pool] All questions used. Resetting question pool for room: 44KHG
[Question Pool] All questions used. Resetting question pool for room: 44KHG
[Question Pool] All questions used. Resetting question pool for room: 44KHG
[Question Pool] All questions used. Resetting question pool for room: 44KHG
[Question Pool] All questions used. Resetting question pool for room: 44KHG
[Question Pool] All questions used. Resetting question pool for room: 44KHG
[Host Migration] Attempting migration for room code: TNMMR
[Host Migration] Current host socket ID: mnqpM4O4NZE0o0FeAAAH
[Host Migration] Active players count: 2
[Host Migration] Promoting player Ahmed Khamis (Socket ID: mnqpM4O4NZE0o0FeAAAH) to Host.
[Host Migration] Migration successful. New host: Ahmed Khamis
[Host Migration] Attempting migration for room code: TNMMR
[Host Migration] Current host socket ID: mnqpM4O4NZE0o0FeAAAH
[Host Migration] Active players count: 0
[Host Migration] No active players to migrate to. Room will be closed.
[Host Migration] Attempting migration for room code: UG4AM
[Host Migration] Current host socket ID: 4Xd6J8YPaaeMZh3pAAAF
[Host Migration] Active players count: 1
[Host Migration] Promoting player Ahmed Khamis (Socket ID: 4Xd6J8YPaaeMZh3pAAAF) to Host.
[Host Migration] Migration successful. New host: Ahmed Khamis
[Host Migration] Attempting migration for room code: UG4AM
[Host Migration] Current host socket ID: 4Xd6J8YPaaeMZh3pAAAF
[Host Migration] Active players count: 0
[Host Migration] No active players to migrate to. Room will be closed.
[Host Migration] Attempting migration for room code: UQ46V
[Host Migration] Current host socket ID: 32XtRSFqBt6eXcpnAAAH
[Host Migration] Active players count: 1
[Host Migration] Promoting player Mohamed khamis (Socket ID: 32XtRSFqBt6eXcpnAAAH) to Host.
[Host Migration] Migration successful. New host: Mohamed khamis
[Host Migration] Attempting migration for room code: UQ46V
[Host Migration] Current host socket ID: 32XtRSFqBt6eXcpnAAAH
[Host Migration] Active players count: 0
[Host Migration] No active players to migrate to. Room will be closed.
[Host Migration] Attempting migration for room code: AX6D2
[Host Migration] Current host socket ID: VPzh4beusnWofFIuAAAE
[Host Migration] Active players count: 0
[Host Migration] No active players to migrate to. Room will be closed.
[Host Migration] Attempting migration for room code: C8NXM
[Host Migration] Current host socket ID: 5otoljqXFGG5EjPBAAAJ
[Host Migration] Active players count: 0
[Host Migration] No active players to migrate to. Room will be closed.
[Host Migration] Attempting migration for room code: JVJH6
[Host Migration] Current host socket ID: ASoimWFBZHkSBiYDAAAB
[Host Migration] Active players count: 1
[Host Migration] Promoting player Ahmed Khamis (Socket ID: ASoimWFBZHkSBiYDAAAB) to Host.
[Host Migration] Migration successful. New host: Ahmed Khamis
[Host Migration] Attempting migration for room code: JVJH6
[Host Migration] Current host socket ID: ASoimWFBZHkSBiYDAAAB
[Host Migration] Active players count: 0
[Host Migration] No active players to migrate to. Room will be closed.
[Host Migration] Attempting migration for room code: PDG4F
[Host Migration] Current host socket ID: fk8jFv9n72P-BF5UAAAD
[Host Migration] Active players count: 1
[Host Migration] Promoting player Ahmed Khamis (Socket ID: fk8jFv9n72P-BF5UAAAD) to Host.
[Host Migration] Migration successful. New host: Ahmed Khamis
[Host Migration] Attempting migration for room code: BSAZL
[Host Migration] Current host socket ID: ZNJLovwFzy8ADMz0AAAB
[Host Migration] Active players count: 0
[Host Migration] No active players to migrate to. Room will be closed.
[Host Migration] Attempting migration for room code: 0I3AH
[Host Migration] Current host socket ID: ogeX1Hy9np7VaShIAAAB
[Host Migration] Active players count: 0
[Host Migration] No active players to migrate to. Room will be closed.
[Host Migration] Attempting migration for room code: KYZLF
[Host Migration] Current host socket ID: 7M4vG5SnVq2BnVM4AAAB
[Host Migration] Active players count: 0
[Host Migration] No active players to migrate to. Room will be closed.
[Host Migration] Attempting migration for room code: OBY5H
[Host Migration] Current host socket ID: 9sxz3rBj0iF2g0nuAAAD
[Host Migration] Active players count: 1
[Host Migration] Promoting player Ahmed Khamis (Socket ID: 9sxz3rBj0iF2g0nuAAAD) to Host.
[Host Migration] Migration successful. New host: Ahmed Khamis
[Host Migration] Attempting migration for room code: OBY5H
[Host Migration] Current host socket ID: 9sxz3rBj0iF2g0nuAAAD
[Host Migration] Active players count: 0
[Host Migration] No active players to migrate to. Room will be closed.
[Host Migration] Attempting migration for room code: L1X1H
[Host Migration] Current host socket ID: tRdolgXZ1xBiZoMRAAAB
[Host Migration] Active players count: 1
[Host Migration] Promoting player Ahmed Khamis (Socket ID: tRdolgXZ1xBiZoMRAAAB) to Host.
[Host Migration] Migration successful. New host: Ahmed Khamis
[Host Migration] Attempting migration for room code: L1X1H
[Host Migration] Current host socket ID: tRdolgXZ1xBiZoMRAAAB
[Host Migration] Active players count: 0
[Host Migration] No active players to migrate to. Room will be closed.
[Host Migration] Attempting migration for room code: 95MUN
[Host Migration] Current host socket ID: _oX3HDOKyD1zfsF_AAAF
[Host Migration] Active players count: 1
[Host Migration] Promoting player Ahmed Khamis (Socket ID: _oX3HDOKyD1zfsF_AAAF) to Host.
[Host Migration] Migration successful. New host: Ahmed Khamis
[Host Migration] Attempting migration for room code: YUUTE
[Host Migration] Current host socket ID: JK9n23fgSebL3bsFAAAD
[Host Migration] Active players count: 1
[Host Migration] Promoting player Ahmed Khamis (Socket ID: JK9n23fgSebL3bsFAAAD) to Host.
[Host Migration] Migration successful. New host: Ahmed Khamis
[Host Migration] Attempting migration for room code: YUUTE
[Host Migration] Current host socket ID: JK9n23fgSebL3bsFAAAD
[Host Migration] Active players count: 0
[Host Migration] No active players to migrate to. Room will be closed.
[Host Migration] Attempting migration for room code: AXJ2U
[Host Migration] Current host socket ID: Px5w5FUUdQjVvByfAAAF
[Host Migration] Active players count: 1
[Host Migration] Promoting player Ahmed Khamis (Socket ID: Px5w5FUUdQjVvByfAAAF) to Host.
[Host Migration] Migration successful. New host: Ahmed Khamis
[Host Migration] Attempting migration for room code: AXJ2U
[Host Migration] Current host socket ID: Px5w5FUUdQjVvByfAAAF
[Host Migration] Active players count: 0
[Host Migration] No active players to migrate to. Room will be closed.
[Host Migration] Attempting migration for room code: ATTXY
[Host Migration] Current host socket ID: pKgzCIkk-UskdjzUAAAB
[Host Migration] Active players count: 1
[Host Migration] Promoting player Ahmed Khamis (Socket ID: pKgzCIkk-UskdjzUAAAB) to Host.
[Host Migration] Migration successful. New host: Ahmed Khamis
[Host Migration] Attempting migration for room code: ATTXY
[Host Migration] Current host socket ID: pKgzCIkk-UskdjzUAAAB
[Host Migration] Active players count: 0
[Host Migration] No active players to migrate to. Room will be closed.
[Host Migration] Attempting migration for room code: 5HVG2
[Host Migration] Current host socket ID: IfTNmzO-SUQzHTpaAAAD
[Host Migration] Active players count: 1
[Host Migration] Promoting player Ahmed Khamis (Socket ID: IfTNmzO-SUQzHTpaAAAD) to Host.
[Host Migration] Migration successful. New host: Ahmed Khamis
[Host Migration] Attempting migration for room code: EZ1OK
[Host Migration] Current host socket ID: jzRLEQkuNfd2_6KSAAAF
[Host Migration] Active players count: 1
[Host Migration] Promoting player Ahmed Khamis (Socket ID: jzRLEQkuNfd2_6KSAAAF) to Host.
[Host Migration] Migration successful. New host: Ahmed Khamis
[Host Migration] Attempting migration for room code: EZ1OK
[Host Migration] Current host socket ID: jzRLEQkuNfd2_6KSAAAF
[Host Migration] Active players count: 0
[Host Migration] No active players to migrate to. Room will be closed.
[Host Migration] Attempting migration for room code: DHFGX
[Host Migration] Current host socket ID: uFrDfqBpq9zMwyGaAAAB
[Host Migration] Active players count: 1
[Host Migration] Promoting player Ahmed Khamis (Socket ID: uFrDfqBpq9zMwyGaAAAB) to Host.
[Host Migration] Migration successful. New host: Ahmed Khamis
[Host Migration] Attempting migration for room code: DHFGX
[Host Migration] Current host socket ID: uFrDfqBpq9zMwyGaAAAB
[Host Migration] Active players count: 0
[Host Migration] No active players to migrate to. Room will be closed.
[Host Migration] Attempting migration for room code: 1JPQR
[Host Migration] Current host socket ID: 9BEYNkM-JZbaNjdbAAAJ
[Host Migration] Active players count: 1
[Host Migration] Promoting player Ahmed Khamis (Socket ID: 9BEYNkM-JZbaNjdbAAAJ) to Host.
[Host Migration] Migration successful. New host: Ahmed Khamis
[Host Migration] Attempting migration for room code: 1JPQR
[Host Migration] Current host socket ID: 9BEYNkM-JZbaNjdbAAAJ
[Host Migration] Active players count: 0
[Host Migration] No active players to migrate to. Room will be closed.
[Host Migration] Attempting migration for room code: QOJNC
[Host Migration] Current host socket ID: rwoRppmyjeQj23BVAAAF
[Host Migration] Active players count: 2
[Host Migration] Promoting player Ahmed Khamis (Socket ID: rwoRppmyjeQj23BVAAAF) to Host.
[Host Migration] Migration successful. New host: Ahmed Khamis
[Host Migration] Attempting migration for room code: QOPBY
[Host Migration] Current host socket ID: 3IBA4F4xutew0l4_AAAJ
[Host Migration] Active players count: 1
[Host Migration] Promoting player Ahmed Khamis (Socket ID: 3IBA4F4xutew0l4_AAAJ) to Host.
[Host Migration] Migration successful. New host: Ahmed Khamis
[Host Migration] Attempting migration for room code: QOPBY
[Host Migration] Current host socket ID: 3IBA4F4xutew0l4_AAAJ
[Host Migration] Active players count: 0
[Host Migration] No active players to migrate to. Room will be closed.
[Host Migration] Attempting migration for room code: G01U9
[Host Migration] Current host socket ID: Jfpi_3HXsunm9B6DAAAN
[Host Migration] Active players count: 2
[Host Migration] Promoting player Ahmed Khamis (Socket ID: Jfpi_3HXsunm9B6DAAAN) to Host.
[Host Migration] Migration successful. New host: Ahmed Khamis
[Host Migration] Attempting migration for room code: G01U9
[Host Migration] Current host socket ID: Jfpi_3HXsunm9B6DAAAN
[Host Migration] Active players count: 0
[Host Migration] No active players to migrate to. Room will be closed.
[Host Migration] Attempting migration for room code: CNKQH
[Host Migration] Current host socket ID: 1aE3haoP9PUfv6LiAAAB
[Host Migration] Active players count: 2
[Host Migration] Promoting player Ahmed Khamis (Socket ID: 1aE3haoP9PUfv6LiAAAB) to Host.
[Host Migration] Migration successful. New host: Ahmed Khamis
[Host Migration] Attempting migration for room code: RX6LE
[Host Migration] Current host socket ID: 4dXhg0xrqs9lIHZ7AAAJ
[Host Migration] Active players count: 2
[Host Migration] Promoting player Mohamed khamis (Socket ID: 4dXhg0xrqs9lIHZ7AAAJ) to Host.
[Host Migration] Migration successful. New host: Mohamed khamis
[Host Migration] Attempting migration for room code: RHZK4
[Host Migration] Current host socket ID: gcSd4aSrSy9kBBerAAAL
[Host Migration] Active players count: 0
[Host Migration] No active players to migrate to. Room will be closed.
[Host Migration] Attempting migration for room code: 8HXM1
[Host Migration] Current host socket ID: cZP3qgf91NSTZ835AAAb
[Host Migration] Active players count: 2
[Host Migration] Promoting player Mohamed khamis (Socket ID: cZP3qgf91NSTZ835AAAb) to Host.
[Host Migration] Migration successful. New host: Mohamed khamis
[Host Migration] Attempting migration for room code: IEL88
[Host Migration] Current host socket ID: qnhYiIFOkNw7JglAAABP
[Host Migration] Active players count: 1
[Host Migration] Promoting player Mohamed khamis (Socket ID: qnhYiIFOkNw7JglAAABP) to Host.
[Host Migration] Migration successful. New host: Mohamed khamis
[Host Migration] Attempting migration for room code: 8HXM1
[Host Migration] Current host socket ID: cZP3qgf91NSTZ835AAAb
[Host Migration] Active players count: 0
[Host Migration] No active players to migrate to. Room will be closed.
[Host Migration] Attempting migration for room code: U4ZSP
[Host Migration] Current host socket ID: 03WUg0gnExXQCmTHAABd
[Host Migration] Active players count: 1
[Host Migration] Promoting player Ahmed Khamis (Socket ID: 03WUg0gnExXQCmTHAABd) to Host.
[Host Migration] Migration successful. New host: Ahmed Khamis
[Host Migration] Attempting migration for room code: IEL88
[Host Migration] Current host socket ID: qnhYiIFOkNw7JglAAABP
[Host Migration] Active players count: 0
[Host Migration] No active players to migrate to. Room will be closed.
[Host Migration] Attempting migration for room code: U4ZSP
[Host Migration] Current host socket ID: 03WUg0gnExXQCmTHAABd
[Host Migration] Active players count: 0
[Host Migration] No active players to migrate to. Room will be closed.
